2018-11-15 22:22:27,845 : kivy : Factory: 194 symbols loaded
2018-11-15 22:22:27,961 : kivy : Image: Providers: img_tex, img_imageio, img_dds, img_sdl2, img_pil, img_gif (img_ffpyplayer ignored)
2018-11-15 22:22:28,005 : kivy : VideoGstplayer: Using Gstreamer 1.10.4.0
2018-11-15 22:22:28,005 : kivy : Video: Provider: gstplayer
2018-11-15 22:22:28,046 : kivy : Loading MPF-MC controller
2018-11-15 22:22:28,046 : mpfmc : Mission Pinball Framework Media Controller v0.50.8
2018-11-15 22:22:28,047 : mpfmc : Mission Pinball Framework Game Engine v0.50.21
2018-11-15 22:22:28,047 : mpfmc : Machine path: /Users/seanpaulfenton/src/mpf/tutorials
2018-11-15 22:22:28,050 : ConfigProcessor : Cache file not found: /var/folders/nx/hjkv90px0cg9f03hrdxkbb700000gn/T/241f5d88eed4460ad09c9826a8eeebea.mpf_cache
2018-11-15 22:22:28,342 : ConfigProcessor : Loading config from file /Users/seanpaulfenton/.pyenv/versions/3.6.7/lib/python3.6/site-packages/mpfmc/mcconfig.yaml.
2018-11-15 22:22:28,376 : ConfigProcessor : Loading config: /Users/seanpaulfenton/.pyenv/versions/3.6.7/lib/python3.6/site-packages/mpfmc/mcconfig.yaml
2018-11-15 22:22:28,376 : ConfigProcessor : Loading config from file /Users/seanpaulfenton/src/mpf/tutorials/config/config.
2018-11-15 22:22:28,378 : ConfigProcessor : Config file cache created: /var/folders/nx/hjkv90px0cg9f03hrdxkbb700000gn/T/241f5d88eed4460ad09c9826a8eeebea.mpf_cache
2018-11-15 22:22:28,378 : mpfmc : Starting clock at 60.0Hz
2018-11-15 22:22:28,387 : kivy : Text: Provider: sdl2
2018-11-15 22:22:28,667 : kivy : Window: Provider: sdl2
2018-11-15 22:22:29,236 : kivy : GL: Using the "OpenGL ES 2" graphics system
2018-11-15 22:22:29,236 : kivy : GL: Backend used <gl>
2018-11-15 22:22:29,236 : kivy : GL: OpenGL version <b'2.1 ATI-1.42.15'>
2018-11-15 22:22:29,236 : kivy : GL: OpenGL vendor <b'ATI Technologies Inc.'>
2018-11-15 22:22:29,236 : kivy : GL: OpenGL renderer <b'AMD Radeon R9 M370X OpenGL Engine'>
2018-11-15 22:22:29,236 : kivy : GL: OpenGL parsed version: 2, 1
2018-11-15 22:22:29,236 : kivy : GL: Shading version <b'1.20'>
2018-11-15 22:22:29,236 : kivy : GL: Texture max size <16384>
2018-11-15 22:22:29,236 : kivy : GL: Texture max units <16>
2018-11-15 22:22:29,253 : kivy : Window: auto add sdl2 input provider
2018-11-15 22:22:29,253 : kivy : Window: virtual keyboard not allowed, single mode, not docked
2018-11-15 22:22:29,256 : SoundSystem : SoundSystem: Using default 'sound_system' settings
2018-11-15 22:22:29,559 : AudioInterface : Initialized
2018-11-15 22:22:29,560 : SoundSystem : No audio tracks are specified in your machine config file. a track named 'default' has been created.
2018-11-15 22:22:29,564 : kivy : Base: Start application main loop
2018-11-15 22:22:29,691 : mpfmc : Display: Setting 'default' as default display
2018-11-15 22:22:29,715 : ConfigProcessor : Cache file not found: /var/folders/nx/hjkv90px0cg9f03hrdxkbb700000gn/T/5417744955c75089db42170712e1c78c.mpf_cache
2018-11-15 22:22:29,715 : ConfigProcessor : Loading config from file /Users/seanpaulfenton/.pyenv/versions/3.6.7/lib/python3.6/site-packages/mpf/modes/attract/config/attract.yaml.
2018-11-15 22:22:29,717 : ConfigProcessor : Loading config: /Users/seanpaulfenton/.pyenv/versions/3.6.7/lib/python3.6/site-packages/mpf/modes/attract/config/attract.yaml
2018-11-15 22:22:29,717 : ConfigProcessor : Config file cache created: /var/folders/nx/hjkv90px0cg9f03hrdxkbb700000gn/T/5417744955c75089db42170712e1c78c.mpf_cache
2018-11-15 22:22:29,717 : ConfigProcessor : Cache file not found: /var/folders/nx/hjkv90px0cg9f03hrdxkbb700000gn/T/829833779c2f668c96a2210a790a797d.mpf_cache
2018-11-15 22:22:29,718 : ConfigProcessor : Loading config from file /Users/seanpaulfenton/.pyenv/versions/3.6.7/lib/python3.6/site-packages/mpf/modes/game/config/game.yaml.
2018-11-15 22:22:29,719 : ConfigProcessor : Loading config: /Users/seanpaulfenton/.pyenv/versions/3.6.7/lib/python3.6/site-packages/mpf/modes/game/config/game.yaml
2018-11-15 22:22:29,719 : ConfigProcessor : Config file cache created: /var/folders/nx/hjkv90px0cg9f03hrdxkbb700000gn/T/829833779c2f668c96a2210a790a797d.mpf_cache
2018-11-15 22:22:29,720 : MPF-MC BCP Server : Starting up on localhost port 5050
2018-11-15 22:22:29,721 : MPF-MC BCP Server : Waiting for a connection...
2018-11-15 22:22:32,707 : kivy : Base: Leaving application in progress...
2018-11-15 22:22:32,707 : mpfmc : Stopping...
2018-11-15 22:22:32,836 : MPF-MC BCP Server : Stopping BCP listener thread
2018-11-15 22:22:32,836 : MPF-MC BCP Server : Stopping BCP sending thread
2018-11-15 22:22:32,836 : mpfmc : Loop rate 67.51 Hz
2018-11-15 22:22:32,837 : kivy : MC run loop ended.
2018-11-15 22:22:32,837 : kivy : Stopping child threads... (2 remaining)
2018-11-15 22:22:33,645 : kivy : All child threads stopped.
