2018-11-15 19:39:12,064 : INFO : Machine : Mission Pinball Framework Core Engine v0.50.17
2018-11-15 19:39:12,064 : INFO : Machine : Command line arguments: {'production': False, 'force_assets_load': False, 'pause': False, 'no_load_cache': False, 'force_platform': None, 'bcp': False, 'syslog_address': None, 'logfile': 'logs/2018-11-15-19-39-12-mpf-Sean-Pauls-MacBook-Pro.local.log', 'mpfconfigfile': '/Library/Frameworks/Python.framework/Versions/3.5/lib/python3.5/site-packages/mpf/mpfconfig.yaml', 'create_config_cache': True, 'loglevel': 15, 'consoleloglevel': 20, 'mc_file_name': None, 'configfile': ['config.yaml'], 'text_ui': True}
2018-11-15 19:39:12,064 : INFO : Machine : MPF path: /Library/Frameworks/Python.framework/Versions/3.5/lib/python3.5/site-packages/mpf
2018-11-15 19:39:12,064 : INFO : Machine : Machine path: /Users/seanpaulfenton/src/mpf/tutorials
2018-11-15 19:39:12,065 : INFO : Machine : Platform: darwin
2018-11-15 19:39:12,065 : INFO : Machine : Python executable location: /Library/Frameworks/Python.framework/Versions/3.5/bin/python3
2018-11-15 19:39:12,065 : INFO : Machine : Python version: 3.5.2 (64-bit)
2018-11-15 19:39:12,377 : INFO : Machine : Machine config file #1: config.yaml
2018-11-15 19:39:12,380 : INFO : ConfigProcessor : Loading config from cache: /var/folders/nx/hjkv90px0cg9f03hrdxkbb700000gn/T/3ec8cc6c3dd126689f251dcfb87d3ebc.mpf_cache
2018-11-15 19:39:12,381 : INFO : Machine : Initialise MPF.
2018-11-15 19:39:12,527 : ERROR : Machine : ERROR: Failed to initialise MPF: curs_set() returned ERR
2018-11-15 19:39:12,529 : INFO : Machine : Starting the main run loop.
2018-11-15 19:39:12,696 : ERROR : root : Event loop is closed
Traceback (most recent call last):
  File "/Library/Frameworks/Python.framework/Versions/3.5/lib/python3.5/site-packages/mpf/commands/game.py", line 208, in __init__
    MachineController(mpf_path, machine_path, vars(self.args)).run()
  File "/Library/Frameworks/Python.framework/Versions/3.5/lib/python3.5/site-packages/mpf/core/machine.py", line 664, in run
    self._run_loop()
  File "/Library/Frameworks/Python.framework/Versions/3.5/lib/python3.5/site-packages/mpf/core/machine.py", line 702, in _run_loop
    self.clock.run(self.stop_future)
  File "/Library/Frameworks/Python.framework/Versions/3.5/lib/python3.5/site-packages/mpf/core/clock.py", line 82, in run
    self.loop.run_until_complete(stop_future)
  File "/Library/Frameworks/Python.framework/Versions/3.5/lib/python3.5/asyncio/base_events.py", line 364, in run_until_complete
    self._check_closed()
  File "/Library/Frameworks/Python.framework/Versions/3.5/lib/python3.5/asyncio/base_events.py", line 334, in _check_closed
    raise RuntimeError('Event loop is closed')
RuntimeError: Event loop is closed
