2018-11-15 21:11:02,766 : kivy : Factory: 194 symbols loaded
2018-11-15 21:11:02,980 : kivy : Image: Providers: img_tex, img_imageio, img_dds, img_sdl2, img_pil, img_gif (img_ffpyplayer ignored)
2018-11-15 21:11:03,064 : kivy : VideoGstplayer: Using Gstreamer 1.10.2.0
2018-11-15 21:11:03,064 : kivy : Video: Provider: gstplayer
2018-11-15 21:11:03,140 : kivy : Loading MPF-MC controller
2018-11-15 21:11:03,140 : mpfmc : Mission Pinball Framework Media Controller v0.50.8
2018-11-15 21:11:03,140 : mpfmc : Mission Pinball Framework Game Engine v0.50.17
2018-11-15 21:11:03,141 : mpfmc : Machine path: /Users/seanpaulfenton/src/mpf/tutorials
2018-11-15 21:11:03,142 : ConfigProcessor : Cache file not found: /var/folders/nx/hjkv90px0cg9f03hrdxkbb700000gn/T/efe539b05436c44c88a273a4df33d874.mpf_cache
2018-11-15 21:11:03,451 : ConfigProcessor : Loading config from file /Library/Frameworks/Python.framework/Versions/3.5/lib/python3.5/site-packages/mpfmc/mcconfig.yaml.
2018-11-15 21:11:03,491 : ConfigProcessor : Loading config: /Library/Frameworks/Python.framework/Versions/3.5/lib/python3.5/site-packages/mpfmc/mcconfig.yaml
2018-11-15 21:11:03,491 : ConfigProcessor : Loading config from file /Users/seanpaulfenton/src/mpf/tutorials/config/config.
2018-11-15 21:11:03,493 : ConfigProcessor : Config file cache created: /var/folders/nx/hjkv90px0cg9f03hrdxkbb700000gn/T/efe539b05436c44c88a273a4df33d874.mpf_cache
2018-11-15 21:11:03,493 : mpfmc : Starting clock at 60.0Hz
2018-11-15 21:11:03,521 : kivy : Text: Provider: sdl2
2018-11-15 21:11:03,847 : kivy : OSC: using <multiprocessing> for socket
2018-11-15 21:11:03,851 : kivy : Window: Provider: sdl2
2018-11-15 21:11:04,645 : kivy : GL: Using the "OpenGL ES 2" graphics system
2018-11-15 21:11:04,646 : kivy : GL: Backend used <gl>
2018-11-15 21:11:04,646 : kivy : GL: OpenGL version <b'2.1 ATI-1.42.15'>
2018-11-15 21:11:04,646 : kivy : GL: OpenGL vendor <b'ATI Technologies Inc.'>
2018-11-15 21:11:04,647 : kivy : GL: OpenGL renderer <b'ATI Radeon R9 M370X OpenGL Engine'>
2018-11-15 21:11:04,647 : kivy : GL: OpenGL parsed version: 2, 1
2018-11-15 21:11:04,647 : kivy : GL: Shading version <b'1.20'>
2018-11-15 21:11:04,647 : kivy : GL: Texture max size <16384>
2018-11-15 21:11:04,647 : kivy : GL: Texture max units <16>
2018-11-15 21:11:04,673 : kivy : Window: auto add sdl2 input provider
2018-11-15 21:11:04,674 : kivy : Window: virtual keyboard not allowed, single mode, not docked
2018-11-15 21:11:04,681 : SoundSystem : SoundSystem: Using default 'sound_system' settings
2018-11-15 21:11:04,920 : AudioInterface : Initialized
2018-11-15 21:11:04,921 : SoundSystem : No audio tracks are specified in your machine config file. a track named 'default' has been created.
2018-11-15 21:11:04,924 : kivy : Base: Start application main loop
2018-11-15 21:11:05,001 : mpfmc : Display: Setting 'default' as default display
2018-11-15 21:11:05,032 : ConfigProcessor : Cache file not found: /var/folders/nx/hjkv90px0cg9f03hrdxkbb700000gn/T/26c63ec3c72d75f0dc9394afbd625513.mpf_cache
2018-11-15 21:11:05,032 : ConfigProcessor : Loading config from file /Library/Frameworks/Python.framework/Versions/3.5/lib/python3.5/site-packages/mpf/modes/game/config/game.yaml.
2018-11-15 21:11:05,034 : ConfigProcessor : Loading config: /Library/Frameworks/Python.framework/Versions/3.5/lib/python3.5/site-packages/mpf/modes/game/config/game.yaml
2018-11-15 21:11:05,035 : ConfigProcessor : Config file cache created: /var/folders/nx/hjkv90px0cg9f03hrdxkbb700000gn/T/26c63ec3c72d75f0dc9394afbd625513.mpf_cache
2018-11-15 21:11:05,035 : ConfigProcessor : Cache file not found: /var/folders/nx/hjkv90px0cg9f03hrdxkbb700000gn/T/f95870f3667a37a74e38324a4aade001.mpf_cache
2018-11-15 21:11:05,035 : ConfigProcessor : Loading config from file /Library/Frameworks/Python.framework/Versions/3.5/lib/python3.5/site-packages/mpf/modes/attract/config/attract.yaml.
2018-11-15 21:11:05,037 : ConfigProcessor : Loading config: /Library/Frameworks/Python.framework/Versions/3.5/lib/python3.5/site-packages/mpf/modes/attract/config/attract.yaml
2018-11-15 21:11:05,037 : ConfigProcessor : Config file cache created: /var/folders/nx/hjkv90px0cg9f03hrdxkbb700000gn/T/f95870f3667a37a74e38324a4aade001.mpf_cache
2018-11-15 21:11:05,038 : MPF-MC BCP Server : Starting up on localhost port 5050
2018-11-15 21:11:05,039 : MPF-MC BCP Server : Waiting for a connection...
2018-11-15 21:11:12,521 : kivy : Base: Leaving application in progress...
2018-11-15 21:11:12,521 : mpfmc : Stopping...
2018-11-15 21:11:12,523 : mpfmc : Loop rate 73.16 Hz
2018-11-15 21:11:12,523 : kivy : MC run loop ended.
2018-11-15 21:11:12,523 : kivy : Stopping child threads... (3 remaining)
2018-11-15 21:11:13,071 : MPF-MC BCP Server : Stopping BCP sending thread
2018-11-15 21:11:13,088 : MPF-MC BCP Server : Stopping BCP listener thread
2018-11-15 21:11:13,129 : kivy : All child threads stopped.
